
User Logged In: nastyNater

User Logged In: ditheren

Message: Unexpected end of input

Stacktrace:
====================
SyntaxError: Unexpected end of input
    at Object.parse (native)
    at WebSocket.<anonymous> (/home/isaactracker/views/index.js:86:35)
    at WebSocket.emit (events.js:98:17)
    at Receiver.ontext (/home/isaactracker/node_modules/ws/lib/WebSocket.js:798:10)
    at /home/isaactracker/node_modules/ws/lib/Receiver.js:473:18
    at Receiver.applyExtensions (/home/isaactracker/node_modules/ws/lib/Receiver.js:360:5)
    at /home/isaactracker/node_modules/ws/lib/Receiver.js:462:14
    at Receiver.flush (/home/isaactracker/node_modules/ws/lib/Receiver.js:336:3)
    at Receiver.opcodes.1.finish (/home/isaactracker/node_modules/ws/lib/Receiver.js:478:12)
    at /home/isaactracker/node_modules/ws/lib/Receiver.js:453:31

Message: Unexpected end of input

Stacktrace:
====================
SyntaxError: Unexpected end of input
    at Object.parse (native)
    at WebSocket.<anonymous> (/home/isaactracker/views/index.js:86:35)
    at WebSocket.emit (events.js:98:17)
    at Receiver.ontext (/home/isaactracker/node_modules/ws/lib/WebSocket.js:798:10)
    at /home/isaactracker/node_modules/ws/lib/Receiver.js:473:18
    at Receiver.applyExtensions (/home/isaactracker/node_modules/ws/lib/Receiver.js:360:5)
    at /home/isaactracker/node_modules/ws/lib/Receiver.js:462:14
    at Receiver.flush (/home/isaactracker/node_modules/ws/lib/Receiver.js:336:3)
    at Receiver.opcodes.1.finish (/home/isaactracker/node_modules/ws/lib/Receiver.js:478:12)
    at /home/isaactracker/node_modules/ws/lib/Receiver.js:453:31

User Logged In: ditheren

User Logged In: ditheren

User Logged In: Yourruler

User Logged In: Yourruler
invalid utf8 sequence
invalid utf8 sequence

User Logged In: ditheren
{ id: 0,
  name: 'Isaac',
  skin: 'Character_001_Isaac.png',
  hp: 6,
  bombs: 1,
  items: 105,
  portrait: 'PlayerPortrait_01_Isaac.png',
  bigportrait: 'PlayerPortraitBig_01_Isaac.png',
  skinColor: -1 }
{ id: 3,
  name: 'Judas',
  skin: 'Character_004_Judas.png',
  costume: 9,
  hp: 2,
  coins: 3,
  items: 34,
  portrait: 'PlayerPortrait_04_Judas.png',
  bigportrait: 'PlayerPortraitBig_04_Judas.png',
  skinColor: -1 }
{ id: 3,
  name: 'Judas',
  skin: 'Character_004_Judas.png',
  costume: 9,
  hp: 2,
  coins: 3,
  items: 34,
  portrait: 'PlayerPortrait_04_Judas.png',
  bigportrait: 'PlayerPortraitBig_04_Judas.png',
  skinColor: -1 }

User Logged In: RICKSLOLFTW

New User: RICKSLOLFTW

User Logged In: ditheren

User Logged In: RICKSLOLFTW

User Logged In: ditheren

User Logged In: ditheren

User Logged In: ditheren

User Logged In: ditheren

User Logged In: ditheren
